<?xml version="1.0" encoding="UTF-8"?>
<!-- Generated by org.testng.reporters.JUnitXMLReporter -->
<testsuite ignored="0" hostname="DESKTOP-LGEJOEP" failures="0" tests="4" name="Test" time="0.049" errors="0" timestamp="2022-03-17T00:03:28 IST">
  <testcase classname="qaclickacademy.Maven.APITest" name="greater" time="0.007"/>
  <testcase classname="qaclickacademy.Maven.APITest" name="smaller" time="0.001"/>
  <testcase classname="qaclickacademy.Maven.SeleniumTest" name="display" time="0.0"/>
  <testcase classname="qaclickacademy.Maven.SeleniumTest" name="show" time="0.0"/>
</testsuite> <!-- Test -->
