<?xml version="1.0" encoding="UTF-8"?>
<testng-results ignored="0" total="4" passed="4" failed="0" skipped="0">
  <reporter-output>
  </reporter-output>
  <suite started-at="2022-03-17T00:03:28 IST" name="Suite" finished-at="2022-03-17T00:03:28 IST" duration-ms="49">
    <groups>
    </groups>
    <test started-at="2022-03-17T00:03:28 IST" name="Test" finished-at="2022-03-17T00:03:28 IST" duration-ms="49">
      <class name="qaclickacademy.Maven.SeleniumTest">
        <test-method signature="display()[pri:0, instance:qaclickacademy.Maven.SeleniumTest@47d90b9e]" started-at="2022-03-17T00:03:28 IST" name="display" finished-at="2022-03-17T00:03:28 IST" duration-ms="0" status="PASS">
          <reporter-output>
          </reporter-output>
        </test-method> <!-- display -->
        <test-method signature="show()[pri:0, instance:qaclickacademy.Maven.SeleniumTest@47d90b9e]" started-at="2022-03-17T00:03:28 IST" name="show" finished-at="2022-03-17T00:03:28 IST" duration-ms="0" status="PASS">
          <reporter-output>
          </reporter-output>
        </test-method> <!-- show -->
      </class> <!-- qaclickacademy.Maven.SeleniumTest -->
      <class name="qaclickacademy.Maven.APITest">
        <test-method signature="greater()[pri:0, instance:qaclickacademy.Maven.APITest@1534f01b]" started-at="2022-03-17T00:03:28 IST" name="greater" finished-at="2022-03-17T00:03:28 IST" duration-ms="7" status="PASS">
          <reporter-output>
          </reporter-output>
        </test-method> <!-- greater -->
        <test-method signature="smaller()[pri:0, instance:qaclickacademy.Maven.APITest@1534f01b]" started-at="2022-03-17T00:03:28 IST" name="smaller" finished-at="2022-03-17T00:03:28 IST" duration-ms="1" status="PASS">
          <reporter-output>
          </reporter-output>
        </test-method> <!-- smaller -->
      </class> <!-- qaclickacademy.Maven.APITest -->
    </test> <!-- Test -->
  </suite> <!-- Suite -->
</testng-results>
